2026-06-04 12:05:19 - DEBUG - [calculations.py:181] - Старт расчета swivel. Параметры GUI: {'D': 100.0, 'd': 50.0, 't': 20.0, 'D1': 110.0, 'D2': 40.0, 'S': 30.0}, Станок: 16K20
2026-06-04 12:05:19 - INFO - [calculations.py:495] - Успешный расчет swivel. Чистое машинное время: 1.74 мин. Итоговое время (с коэфф): 160.04 сек.
2026-06-04 12:05:19 - DEBUG - [calculations.py:181] - Старт расчета swivel. Параметры GUI: {'D': 100.0, 'd': 50.0, 't': 20.0, 'D1': 110.0, 'D2': 40.0, 'S': 30.0}, Станок: Кнуб(1M63)
2026-06-04 12:05:19 - WARNING - [calculations.py:189] - АВТОКОРРЕКЦИЯ: Станок изменен с Кнуб(1M63) на 16K20 (диаметр заготовки 110.0 мм не влезает в Кнуб(1M63))
2026-06-04 12:05:19 - WARNING - [calculations.py:198] - АВТОКОРРЕКЦИЯ: Станок изменен с Кнуб(1M63) на 16K20 (диаметр заготовки 110.0 мм)
2026-06-04 12:05:19 - INFO - [calculations.py:495] - Успешный расчет swivel. Чистое машинное время: 1.74 мин. Итоговое время (с коэфф): 160.04 сек.
2026-06-09 14:03:00 - DEBUG - [calculations.py:181] - Старт расчета welding_flange. Параметры GUI: {'D': 500.0, 'd': 342.0, 't': 28.0, 'DM': 418.0, 'a': 5.0, 'Dw': 356.0, 'b': 17.0, 'D1': 508.0, 'D2': 334.0, 'S': 36.0}, Станок: Дип 500(1M65)
2026-06-09 14:03:00 - INFO - [calculations.py:612] - Успешный расчет welding_flange. Чистое машинное время: 8.94 мин. Итоговое время (с коэфф): 938.45 сек.
2026-06-09 14:03:00 - DEBUG - [calculations.py:181] - Старт расчета welding_flange. Параметры GUI: {'D': 500.0, 'd': 342.0, 't': 28.0, 'DM': 418.0, 'a': 5.0, 'Dw': 356.0, 'b': 17.0, 'D1': 508.0, 'D2': 334.0, 'S': 36.0}, Станок: Кнуб(1M63)
2026-06-09 14:03:00 - WARNING - [calculations.py:189] - АВТОКОРРЕКЦИЯ: Станок изменен с Кнуб(1M63) на Дип 500(1M65) (диаметр заготовки 508.0 мм не влезает в Кнуб(1M63))
2026-06-09 14:03:00 - WARNING - [calculations.py:198] - АВТОКОРРЕКЦИЯ: Станок изменен с Кнуб(1M63) на Дип 500(1M65) (диаметр заготовки 508.0 мм)
2026-06-09 14:03:00 - INFO - [calculations.py:612] - Успешный расчет welding_flange. Чистое машинное время: 8.94 мин. Итоговое время (с коэфф): 938.45 сек.
2026-06-09 14:03:00 - DEBUG - [calculations.py:181] - Старт расчета welding_flange. Параметры GUI: {'D': 500.0, 'd': 342.0, 't': 28.0, 'DM': 418.0, 'a': 5.0, 'Dw': 356.0, 'b': 17.0, 'D1': 508.0, 'D2': 334.0, 'S': 36.0}, Станок: VL-1600
2026-06-09 14:03:00 - WARNING - [calculations.py:189] - АВТОКОРРЕКЦИЯ: Станок изменен с VL-1600 на Дип 500(1M65) (диаметр заготовки 508.0 мм не влезает в VL-1600)
2026-06-09 14:03:00 - WARNING - [calculations.py:198] - АВТОКОРРЕКЦИЯ: Станок изменен с VL-1600 на Дип 500(1M65) (диаметр заготовки 508.0 мм)
2026-06-09 14:03:00 - INFO - [calculations.py:612] - Успешный расчет welding_flange. Чистое машинное время: 8.94 мин. Итоговое время (с коэфф): 938.45 сек.
2026-06-09 14:03:00 - DEBUG - [calculations.py:181] - Старт расчета welding_flange. Параметры GUI: {'D': 500.0, 'd': 342.0, 't': 28.0, 'DM': 418.0, 'a': 5.0, 'Dw': 356.0, 'b': 17.0, 'D1': 508.0, 'D2': 334.0, 'S': 36.0}, Станок: CK5126
2026-06-09 14:03:00 - WARNING - [calculations.py:189] - АВТОКОРРЕКЦИЯ: Станок изменен с CK5126 на Дип 500(1M65) (диаметр заготовки 508.0 мм не влезает в CK5126)
2026-06-09 14:03:00 - WARNING - [calculations.py:198] - АВТОКОРРЕКЦИЯ: Станок изменен с CK5126 на Дип 500(1M65) (диаметр заготовки 508.0 мм)
2026-06-09 14:03:00 - INFO - [calculations.py:612] - Успешный расчет welding_flange. Чистое машинное время: 8.94 мин. Итоговое время (с коэфф): 938.45 сек.
